2019-10-30 15:19:34.165 [main] INFO  com.yudu.sms.SmsApplication - Starting SmsApplication on PC-20190110GNON with PID 5856 (D:\sms\target\classes started by Administrator in D:\sms)
2019-10-30 15:19:34.167 [main] INFO  com.yudu.sms.SmsApplication - No active profile set, falling back to default profiles: default
2019-10-30 15:19:36.073 [main] INFO  o.s.boot.web.embedded.tomcat.TomcatWebServer - Tomcat initialized with port(s): 8080 (http)
2019-10-30 15:19:36.089 [main] INFO  org.apache.coyote.http11.Http11NioProtocol - Initializing ProtocolHandler ["http-nio-8080"]
2019-10-30 15:19:36.103 [main] INFO  org.apache.catalina.core.StandardService - Starting service [Tomcat]
2019-10-30 15:19:36.103 [main] INFO  org.apache.catalina.core.StandardEngine - Starting Servlet engine: [Apache Tomcat/9.0.17]
2019-10-30 15:19:36.237 [main] INFO  o.a.c.core.ContainerBase.[Tomcat].[localhost].[/] - Initializing Spring embedded WebApplicationContext
2019-10-30 15:19:36.237 [main] INFO  org.springframework.web.context.ContextLoader - Root WebApplicationContext: initialization completed in 1999 ms
2019-10-30 15:19:36.666 [main] INFO  com.zaxxer.hikari.HikariDataSource - HikariPool-1 - Starting...
2019-10-30 15:19:37.318 [main] INFO  com.zaxxer.hikari.HikariDataSource - HikariPool-1 - Start completed.
2019-10-30 15:19:37.364 [main] INFO  org.quartz.impl.StdSchedulerFactory - Using default implementation for ThreadExecutor
2019-10-30 15:19:37.403 [main] INFO  org.quartz.core.SchedulerSignalerImpl - Initialized Scheduler Signaller of type: class org.quartz.core.SchedulerSignalerImpl
2019-10-30 15:19:37.404 [main] INFO  org.quartz.core.QuartzScheduler - Quartz Scheduler v.2.3.1 created.
2019-10-30 15:19:37.405 [main] INFO  org.quartz.simpl.RAMJobStore - RAMJobStore initialized.
2019-10-30 15:19:37.406 [main] INFO  org.quartz.core.QuartzScheduler - Scheduler meta-data: Quartz Scheduler (v2.3.1) 'scheduler' with instanceId 'NON_CLUSTERED'
  Scheduler class: 'org.quartz.core.QuartzScheduler' - running locally.
  NOT STARTED.
  Currently in standby mode.
  Number of jobs executed: 0
  Using thread pool 'org.quartz.simpl.SimpleThreadPool' - with 10 threads.
  Using job-store 'org.quartz.simpl.RAMJobStore' - which does not support persistence. and is not clustered.

2019-10-30 15:19:37.406 [main] INFO  org.quartz.impl.StdSchedulerFactory - Quartz scheduler 'scheduler' initialized from an externally provided properties instance.
2019-10-30 15:19:37.406 [main] INFO  org.quartz.impl.StdSchedulerFactory - Quartz scheduler version: 2.3.1
2019-10-30 15:19:37.408 [main] INFO  org.quartz.core.QuartzScheduler - JobFactory set to: org.springframework.scheduling.quartz.AdaptableJobFactory@53c68ce
2019-10-30 15:19:37.611 [main] INFO  o.s.scheduling.concurrent.ThreadPoolTaskExecutor - Initializing ExecutorService 'applicationTaskExecutor'
2019-10-30 15:19:37.860 [main] INFO  o.s.scheduling.quartz.SchedulerFactoryBean - Will start Quartz Scheduler [scheduler] in 1 seconds
2019-10-30 15:19:37.871 [main] INFO  org.apache.coyote.http11.Http11NioProtocol - Starting ProtocolHandler ["http-nio-8080"]
2019-10-30 15:19:37.926 [main] INFO  org.apache.coyote.http11.Http11NioProtocol - Pausing ProtocolHandler ["http-nio-8080"]
2019-10-30 15:19:37.926 [main] INFO  org.apache.catalina.core.StandardService - Stopping service [Tomcat]
2019-10-30 15:19:37.945 [main] INFO  org.apache.catalina.util.LifecycleBase - The stop() method was called on component [StandardServer[-1]] after stop() had already been called. The second call will be ignored.
2019-10-30 15:19:37.946 [main] INFO  org.apache.coyote.http11.Http11NioProtocol - Stopping ProtocolHandler ["http-nio-8080"]
2019-10-30 15:19:37.946 [main] INFO  org.apache.coyote.http11.Http11NioProtocol - Destroying ProtocolHandler ["http-nio-8080"]
2019-10-30 15:19:37.951 [main] INFO  o.s.b.a.l.ConditionEvaluationReportLoggingListener - 

Error starting ApplicationContext. To display the conditions report re-run your application with 'debug' enabled.
2019-10-30 15:19:37.972 [main] INFO  o.s.scheduling.concurrent.ThreadPoolTaskExecutor - Shutting down ExecutorService 'applicationTaskExecutor'
2019-10-30 15:19:37.972 [main] INFO  o.s.scheduling.quartz.SchedulerFactoryBean - Shutting down Quartz Scheduler
2019-10-30 15:19:37.972 [main] INFO  org.quartz.core.QuartzScheduler - Scheduler scheduler_$_NON_CLUSTERED shutting down.
2019-10-30 15:19:37.973 [main] INFO  org.quartz.core.QuartzScheduler - Scheduler scheduler_$_NON_CLUSTERED paused.
2019-10-30 15:19:37.974 [main] INFO  org.quartz.core.QuartzScheduler - Scheduler scheduler_$_NON_CLUSTERED shutdown complete.
2019-10-30 15:19:37.975 [main] INFO  com.zaxxer.hikari.HikariDataSource - HikariPool-1 - Shutdown initiated...
2019-10-30 15:19:37.975 [main] INFO  com.zaxxer.hikari.pool.HikariPool - HikariPool-1 - Close initiated...
2019-10-30 15:19:37.983 [main] INFO  com.zaxxer.hikari.pool.HikariPool - HikariPool-1 - Closed.
2019-10-30 15:19:37.984 [main] INFO  com.zaxxer.hikari.HikariDataSource - HikariPool-1 - Shutdown completed.
2019-10-30 15:21:51.892 [main] INFO  com.yudu.sms.SmsApplication - Starting SmsApplication on PC-20190110GNON with PID 7568 (D:\sms\target\classes started by Administrator in D:\sms)
2019-10-30 15:21:51.895 [main] INFO  com.yudu.sms.SmsApplication - No active profile set, falling back to default profiles: default
2019-10-30 15:21:54.192 [main] INFO  o.s.boot.web.embedded.tomcat.TomcatWebServer - Tomcat initialized with port(s): 8585 (http)
2019-10-30 15:21:54.208 [main] INFO  org.apache.coyote.http11.Http11NioProtocol - Initializing ProtocolHandler ["http-nio-8585"]
2019-10-30 15:21:54.220 [main] INFO  org.apache.catalina.core.StandardService - Starting service [Tomcat]
2019-10-30 15:21:54.221 [main] INFO  org.apache.catalina.core.StandardEngine - Starting Servlet engine: [Apache Tomcat/9.0.17]
2019-10-30 15:21:54.339 [main] INFO  o.a.c.core.ContainerBase.[Tomcat].[localhost].[/] - Initializing Spring embedded WebApplicationContext
2019-10-30 15:21:54.340 [main] INFO  org.springframework.web.context.ContextLoader - Root WebApplicationContext: initialization completed in 2328 ms
2019-10-30 15:21:54.727 [main] INFO  com.zaxxer.hikari.HikariDataSource - HikariPool-1 - Starting...
2019-10-30 15:21:55.307 [main] INFO  com.zaxxer.hikari.HikariDataSource - HikariPool-1 - Start completed.
2019-10-30 15:21:55.351 [main] INFO  org.quartz.impl.StdSchedulerFactory - Using default implementation for ThreadExecutor
2019-10-30 15:21:55.362 [main] INFO  org.quartz.core.SchedulerSignalerImpl - Initialized Scheduler Signaller of type: class org.quartz.core.SchedulerSignalerImpl
2019-10-30 15:21:55.362 [main] INFO  org.quartz.core.QuartzScheduler - Quartz Scheduler v.2.3.1 created.
2019-10-30 15:21:55.363 [main] INFO  org.quartz.simpl.RAMJobStore - RAMJobStore initialized.
2019-10-30 15:21:55.364 [main] INFO  org.quartz.core.QuartzScheduler - Scheduler meta-data: Quartz Scheduler (v2.3.1) 'scheduler' with instanceId 'NON_CLUSTERED'
  Scheduler class: 'org.quartz.core.QuartzScheduler' - running locally.
  NOT STARTED.
  Currently in standby mode.
  Number of jobs executed: 0
  Using thread pool 'org.quartz.simpl.SimpleThreadPool' - with 10 threads.
  Using job-store 'org.quartz.simpl.RAMJobStore' - which does not support persistence. and is not clustered.

2019-10-30 15:21:55.364 [main] INFO  org.quartz.impl.StdSchedulerFactory - Quartz scheduler 'scheduler' initialized from an externally provided properties instance.
2019-10-30 15:21:55.365 [main] INFO  org.quartz.impl.StdSchedulerFactory - Quartz scheduler version: 2.3.1
2019-10-30 15:21:55.366 [main] INFO  org.quartz.core.QuartzScheduler - JobFactory set to: org.springframework.scheduling.quartz.AdaptableJobFactory@6d9fb2d1
2019-10-30 15:21:55.583 [main] INFO  o.s.scheduling.concurrent.ThreadPoolTaskExecutor - Initializing ExecutorService 'applicationTaskExecutor'
2019-10-30 15:21:55.859 [main] INFO  o.s.scheduling.quartz.SchedulerFactoryBean - Will start Quartz Scheduler [scheduler] in 1 seconds
2019-10-30 15:21:55.870 [main] INFO  org.apache.coyote.http11.Http11NioProtocol - Starting ProtocolHandler ["http-nio-8585"]
2019-10-30 15:21:55.897 [main] INFO  o.s.boot.web.embedded.tomcat.TomcatWebServer - Tomcat started on port(s): 8585 (http) with context path ''
2019-10-30 15:21:55.900 [main] INFO  com.yudu.sms.SmsApplication - Started SmsApplication in 4.994 seconds (JVM running for 6.123)
2019-10-30 15:21:56.860 [Quartz Scheduler [scheduler]] INFO  o.s.scheduling.quartz.SchedulerFactoryBean - Starting Quartz Scheduler now, after delay of 1 seconds
2019-10-30 15:21:56.860 [Quartz Scheduler [scheduler]] INFO  org.quartz.core.QuartzScheduler - Scheduler scheduler_$_NON_CLUSTERED started.
2019-10-30 15:32:13.938 [main] INFO  com.yudu.sms.SmsApplication - Starting SmsApplication on PC-20190110GNON with PID 5800 (D:\sms\target\classes started by Administrator in D:\sms)
2019-10-30 15:32:13.942 [main] INFO  com.yudu.sms.SmsApplication - No active profile set, falling back to default profiles: default
2019-10-30 15:32:15.761 [main] INFO  o.s.boot.web.embedded.tomcat.TomcatWebServer - Tomcat initialized with port(s): 8585 (http)
2019-10-30 15:32:15.778 [main] INFO  org.apache.coyote.http11.Http11NioProtocol - Initializing ProtocolHandler ["http-nio-8585"]
2019-10-30 15:32:15.791 [main] INFO  org.apache.catalina.core.StandardService - Starting service [Tomcat]
2019-10-30 15:32:15.791 [main] INFO  org.apache.catalina.core.StandardEngine - Starting Servlet engine: [Apache Tomcat/9.0.17]
2019-10-30 15:32:15.916 [main] INFO  o.a.c.core.ContainerBase.[Tomcat].[localhost].[/] - Initializing Spring embedded WebApplicationContext
2019-10-30 15:32:15.916 [main] INFO  org.springframework.web.context.ContextLoader - Root WebApplicationContext: initialization completed in 1898 ms
2019-10-30 15:32:16.387 [main] INFO  com.zaxxer.hikari.HikariDataSource - HikariPool-1 - Starting...
2019-10-30 15:32:17.272 [main] INFO  com.zaxxer.hikari.HikariDataSource - HikariPool-1 - Start completed.
2019-10-30 15:32:17.326 [main] INFO  org.quartz.impl.StdSchedulerFactory - Using default implementation for ThreadExecutor
2019-10-30 15:32:17.336 [main] INFO  org.quartz.core.SchedulerSignalerImpl - Initialized Scheduler Signaller of type: class org.quartz.core.SchedulerSignalerImpl
2019-10-30 15:32:17.336 [main] INFO  org.quartz.core.QuartzScheduler - Quartz Scheduler v.2.3.1 created.
2019-10-30 15:32:17.337 [main] INFO  org.quartz.simpl.RAMJobStore - RAMJobStore initialized.
2019-10-30 15:32:17.338 [main] INFO  org.quartz.core.QuartzScheduler - Scheduler meta-data: Quartz Scheduler (v2.3.1) 'scheduler' with instanceId 'NON_CLUSTERED'
  Scheduler class: 'org.quartz.core.QuartzScheduler' - running locally.
  NOT STARTED.
  Currently in standby mode.
  Number of jobs executed: 0
  Using thread pool 'org.quartz.simpl.SimpleThreadPool' - with 10 threads.
  Using job-store 'org.quartz.simpl.RAMJobStore' - which does not support persistence. and is not clustered.

2019-10-30 15:32:17.338 [main] INFO  org.quartz.impl.StdSchedulerFactory - Quartz scheduler 'scheduler' initialized from an externally provided properties instance.
2019-10-30 15:32:17.338 [main] INFO  org.quartz.impl.StdSchedulerFactory - Quartz scheduler version: 2.3.1
2019-10-30 15:32:17.339 [main] INFO  org.quartz.core.QuartzScheduler - JobFactory set to: org.springframework.scheduling.quartz.AdaptableJobFactory@1dc2de84
2019-10-30 15:32:17.532 [main] INFO  o.s.scheduling.concurrent.ThreadPoolTaskExecutor - Initializing ExecutorService 'applicationTaskExecutor'
2019-10-30 15:32:17.869 [main] INFO  o.s.scheduling.quartz.SchedulerFactoryBean - Will start Quartz Scheduler [scheduler] in 1 seconds
2019-10-30 15:32:17.881 [main] INFO  org.apache.coyote.http11.Http11NioProtocol - Starting ProtocolHandler ["http-nio-8585"]
2019-10-30 15:32:17.902 [main] INFO  org.apache.coyote.http11.Http11NioProtocol - Pausing ProtocolHandler ["http-nio-8585"]
2019-10-30 15:32:17.902 [main] INFO  org.apache.catalina.core.StandardService - Stopping service [Tomcat]
2019-10-30 15:32:17.909 [main] INFO  org.apache.catalina.util.LifecycleBase - The stop() method was called on component [StandardServer[-1]] after stop() had already been called. The second call will be ignored.
2019-10-30 15:32:17.909 [main] INFO  org.apache.coyote.http11.Http11NioProtocol - Stopping ProtocolHandler ["http-nio-8585"]
2019-10-30 15:32:17.909 [main] INFO  org.apache.coyote.http11.Http11NioProtocol - Destroying ProtocolHandler ["http-nio-8585"]
2019-10-30 15:32:17.913 [main] INFO  o.s.b.a.l.ConditionEvaluationReportLoggingListener - 

Error starting ApplicationContext. To display the conditions report re-run your application with 'debug' enabled.
2019-10-30 15:32:17.920 [main] INFO  o.s.scheduling.concurrent.ThreadPoolTaskExecutor - Shutting down ExecutorService 'applicationTaskExecutor'
2019-10-30 15:32:17.920 [main] INFO  o.s.scheduling.quartz.SchedulerFactoryBean - Shutting down Quartz Scheduler
2019-10-30 15:32:17.921 [main] INFO  org.quartz.core.QuartzScheduler - Scheduler scheduler_$_NON_CLUSTERED shutting down.
2019-10-30 15:32:17.921 [main] INFO  org.quartz.core.QuartzScheduler - Scheduler scheduler_$_NON_CLUSTERED paused.
2019-10-30 15:32:17.921 [main] INFO  org.quartz.core.QuartzScheduler - Scheduler scheduler_$_NON_CLUSTERED shutdown complete.
2019-10-30 15:32:17.922 [main] INFO  com.zaxxer.hikari.HikariDataSource - HikariPool-1 - Shutdown initiated...
2019-10-30 15:32:17.922 [main] INFO  com.zaxxer.hikari.pool.HikariPool - HikariPool-1 - Close initiated...
2019-10-30 15:32:17.994 [main] INFO  com.zaxxer.hikari.pool.HikariPool - HikariPool-1 - Closed.
2019-10-30 15:32:17.995 [main] INFO  com.zaxxer.hikari.HikariDataSource - HikariPool-1 - Shutdown completed.
2019-10-30 15:34:52.406 [main] INFO  com.yudu.sms.SmsApplication - Starting SmsApplication on PC-20190110GNON with PID 1360 (D:\sms\target\classes started by Administrator in D:\sms)
2019-10-30 15:34:52.409 [main] INFO  com.yudu.sms.SmsApplication - No active profile set, falling back to default profiles: default
2019-10-30 15:34:55.122 [main] INFO  o.s.boot.web.embedded.tomcat.TomcatWebServer - Tomcat initialized with port(s): 8585 (http)
2019-10-30 15:34:55.149 [main] INFO  org.apache.coyote.http11.Http11NioProtocol - Initializing ProtocolHandler ["http-nio-8585"]
2019-10-30 15:34:55.171 [main] INFO  org.apache.catalina.core.StandardService - Starting service [Tomcat]
2019-10-30 15:34:55.172 [main] INFO  org.apache.catalina.core.StandardEngine - Starting Servlet engine: [Apache Tomcat/9.0.17]
2019-10-30 15:34:55.324 [main] INFO  o.a.c.core.ContainerBase.[Tomcat].[localhost].[/] - Initializing Spring embedded WebApplicationContext
2019-10-30 15:34:55.324 [main] INFO  org.springframework.web.context.ContextLoader - Root WebApplicationContext: initialization completed in 2726 ms
2019-10-30 15:34:55.897 [main] INFO  com.zaxxer.hikari.HikariDataSource - HikariPool-1 - Starting...
2019-10-30 15:34:56.488 [main] INFO  com.zaxxer.hikari.HikariDataSource - HikariPool-1 - Start completed.
2019-10-30 15:34:56.536 [main] INFO  org.quartz.impl.StdSchedulerFactory - Using default implementation for ThreadExecutor
2019-10-30 15:34:56.547 [main] INFO  org.quartz.core.SchedulerSignalerImpl - Initialized Scheduler Signaller of type: class org.quartz.core.SchedulerSignalerImpl
2019-10-30 15:34:56.547 [main] INFO  org.quartz.core.QuartzScheduler - Quartz Scheduler v.2.3.1 created.
2019-10-30 15:34:56.548 [main] INFO  org.quartz.simpl.RAMJobStore - RAMJobStore initialized.
2019-10-30 15:34:56.549 [main] INFO  org.quartz.core.QuartzScheduler - Scheduler meta-data: Quartz Scheduler (v2.3.1) 'scheduler' with instanceId 'NON_CLUSTERED'
  Scheduler class: 'org.quartz.core.QuartzScheduler' - running locally.
  NOT STARTED.
  Currently in standby mode.
  Number of jobs executed: 0
  Using thread pool 'org.quartz.simpl.SimpleThreadPool' - with 10 threads.
  Using job-store 'org.quartz.simpl.RAMJobStore' - which does not support persistence. and is not clustered.

2019-10-30 15:34:56.549 [main] INFO  org.quartz.impl.StdSchedulerFactory - Quartz scheduler 'scheduler' initialized from an externally provided properties instance.
2019-10-30 15:34:56.549 [main] INFO  org.quartz.impl.StdSchedulerFactory - Quartz scheduler version: 2.3.1
2019-10-30 15:34:56.551 [main] INFO  org.quartz.core.QuartzScheduler - JobFactory set to: org.springframework.scheduling.quartz.AdaptableJobFactory@6f3f0fae
2019-10-30 15:34:56.767 [main] INFO  o.s.scheduling.concurrent.ThreadPoolTaskExecutor - Initializing ExecutorService 'applicationTaskExecutor'
2019-10-30 15:34:57.017 [main] INFO  o.s.scheduling.quartz.SchedulerFactoryBean - Will start Quartz Scheduler [scheduler] in 1 seconds
2019-10-30 15:34:57.028 [main] INFO  org.apache.coyote.http11.Http11NioProtocol - Starting ProtocolHandler ["http-nio-8585"]
2019-10-30 15:34:57.055 [main] INFO  o.s.boot.web.embedded.tomcat.TomcatWebServer - Tomcat started on port(s): 8585 (http) with context path ''
2019-10-30 15:34:57.059 [main] INFO  com.yudu.sms.SmsApplication - Started SmsApplication in 5.806 seconds (JVM running for 7.009)
2019-10-30 15:34:58.018 [Quartz Scheduler [scheduler]] INFO  o.s.scheduling.quartz.SchedulerFactoryBean - Starting Quartz Scheduler now, after delay of 1 seconds
2019-10-30 15:34:58.018 [Quartz Scheduler [scheduler]] INFO  org.quartz.core.QuartzScheduler - Scheduler scheduler_$_NON_CLUSTERED started.
2019-10-30 15:37:00.309 [Thread-18] INFO  com.yudu.sms.handler.SmsHandler - 短信发送成功：19923295262:0:文化局程科同志您好，《督办公文测试013010》已经我委领导签批转入承办环节，承办处室是：办公室，罗绍禄，联系电话：19923295262，我们将及时与您对接，及时办理此项工作。【市文化旅游委OA系统】
2019-10-30 15:37:11.833 [Thread-17] INFO  com.yudu.sms.handler.SmsHandler - 发送成功
2019-10-30 15:58:30.124 [main] INFO  com.yudu.sms.SmsApplication - Starting SmsApplication on PC-20190110GNON with PID 5700 (D:\sms\target\classes started by Administrator in D:\sms)
2019-10-30 15:58:30.127 [main] INFO  com.yudu.sms.SmsApplication - No active profile set, falling back to default profiles: default
2019-10-30 15:58:31.831 [main] INFO  o.s.boot.web.embedded.tomcat.TomcatWebServer - Tomcat initialized with port(s): 8585 (http)
2019-10-30 15:58:31.846 [main] INFO  org.apache.coyote.http11.Http11NioProtocol - Initializing ProtocolHandler ["http-nio-8585"]
2019-10-30 15:58:31.859 [main] INFO  org.apache.catalina.core.StandardService - Starting service [Tomcat]
2019-10-30 15:58:31.860 [main] INFO  org.apache.catalina.core.StandardEngine - Starting Servlet engine: [Apache Tomcat/9.0.17]
2019-10-30 15:58:32.035 [main] INFO  o.a.c.core.ContainerBase.[Tomcat].[localhost].[/] - Initializing Spring embedded WebApplicationContext
2019-10-30 15:58:32.035 [main] INFO  org.springframework.web.context.ContextLoader - Root WebApplicationContext: initialization completed in 1785 ms
2019-10-30 15:58:32.363 [main] INFO  com.zaxxer.hikari.HikariDataSource - HikariPool-1 - Starting...
2019-10-30 15:58:32.904 [main] INFO  com.zaxxer.hikari.HikariDataSource - HikariPool-1 - Start completed.
2019-10-30 15:58:32.964 [main] INFO  org.quartz.impl.StdSchedulerFactory - Using default implementation for ThreadExecutor
2019-10-30 15:58:32.974 [main] INFO  org.quartz.core.SchedulerSignalerImpl - Initialized Scheduler Signaller of type: class org.quartz.core.SchedulerSignalerImpl
2019-10-30 15:58:32.975 [main] INFO  org.quartz.core.QuartzScheduler - Quartz Scheduler v.2.3.1 created.
2019-10-30 15:58:32.975 [main] INFO  org.quartz.simpl.RAMJobStore - RAMJobStore initialized.
2019-10-30 15:58:32.976 [main] INFO  org.quartz.core.QuartzScheduler - Scheduler meta-data: Quartz Scheduler (v2.3.1) 'scheduler' with instanceId 'NON_CLUSTERED'
  Scheduler class: 'org.quartz.core.QuartzScheduler' - running locally.
  NOT STARTED.
  Currently in standby mode.
  Number of jobs executed: 0
  Using thread pool 'org.quartz.simpl.SimpleThreadPool' - with 10 threads.
  Using job-store 'org.quartz.simpl.RAMJobStore' - which does not support persistence. and is not clustered.

2019-10-30 15:58:32.976 [main] INFO  org.quartz.impl.StdSchedulerFactory - Quartz scheduler 'scheduler' initialized from an externally provided properties instance.
2019-10-30 15:58:32.977 [main] INFO  org.quartz.impl.StdSchedulerFactory - Quartz scheduler version: 2.3.1
2019-10-30 15:58:32.978 [main] INFO  org.quartz.core.QuartzScheduler - JobFactory set to: org.springframework.scheduling.quartz.AdaptableJobFactory@1c504e66
2019-10-30 15:58:33.172 [main] INFO  o.s.scheduling.concurrent.ThreadPoolTaskExecutor - Initializing ExecutorService 'applicationTaskExecutor'
2019-10-30 15:58:33.412 [main] INFO  o.s.scheduling.quartz.SchedulerFactoryBean - Will start Quartz Scheduler [scheduler] in 1 seconds
2019-10-30 15:58:33.422 [main] INFO  org.apache.coyote.http11.Http11NioProtocol - Starting ProtocolHandler ["http-nio-8585"]
2019-10-30 15:58:33.448 [main] INFO  o.s.boot.web.embedded.tomcat.TomcatWebServer - Tomcat started on port(s): 8585 (http) with context path ''
2019-10-30 15:58:33.452 [main] INFO  com.yudu.sms.SmsApplication - Started SmsApplication in 3.994 seconds (JVM running for 5.365)
2019-10-30 15:58:34.413 [Quartz Scheduler [scheduler]] INFO  o.s.scheduling.quartz.SchedulerFactoryBean - Starting Quartz Scheduler now, after delay of 1 seconds
2019-10-30 15:58:34.413 [Quartz Scheduler [scheduler]] INFO  org.quartz.core.QuartzScheduler - Scheduler scheduler_$_NON_CLUSTERED started.
